[Sat, 07 Dec 2019 01:52:57 GMT] OPTIONS /users 404 2.513
[Sat, 07 Dec 2019 01:54:15 GMT] POST /users 404 1.266
[Sat, 07 Dec 2019 01:57:20 GMT] GET /collections/tester 404 1.058
[Sat, 07 Dec 2019 01:58:18 GMT] GET /collections?user=tester 404 0.377
[Sat, 07 Dec 2019 01:58:28 GMT] GET /collection?user=tester 404 0.248
[Sat, 07 Dec 2019 01:59:17 GMT] GET /collection 404 0.126
[Sat, 07 Dec 2019 01:59:50 GMT] GET /collection 200 17.060
[Sat, 07 Dec 2019 01:59:50 GMT] GET /favicon.ico 404 2.818
[Sat, 07 Dec 2019 01:59:53 GMT] GET /collection?user=tester 200 12.828
[Sat, 07 Dec 2019 02:00:28 GMT] GET /collection?user=tester 304 4.851
[Sat, 07 Dec 2019 02:00:33 GMT] POST /collection 200 23.362
[Sat, 07 Dec 2019 02:00:39 GMT] GET /collection?user=tester 200 13.478
[Sat, 07 Dec 2019 02:00:44 GMT] GET /collection?user=tester 304 3.552
[Sat, 07 Dec 2019 02:07:41 GMT] GET /collection?user=tester 304 3.798
[Sat, 07 Dec 2019 02:07:42 GMT] GET /notes?user=tester&collection=undefined 404 0.367
[Sat, 07 Dec 2019 02:08:16 GMT] GET /note?user=tester&collection=undefined 200 8.681
[Sat, 07 Dec 2019 02:09:50 GMT] GET /note?user=tester&collection=undefined 304 3.256
[Sat, 07 Dec 2019 02:09:51 GMT] GET /note?user=tester&collection=undefined 304 2.157
[Sat, 07 Dec 2019 02:09:56 GMT] GET /collection?user=tester 304 2.704
[Sat, 07 Dec 2019 02:10:38 GMT] GET /collection?user=tester 304 3.684
[Sat, 07 Dec 2019 02:10:39 GMT] GET /note?user=tester&collection=5deb07c1769f9c0caaaaf900 200 3.889
[Sat, 07 Dec 2019 02:10:51 GMT] POST /note 200 11.074
[Sat, 07 Dec 2019 02:11:03 GMT] POST /note 200 2.053
[Sat, 07 Dec 2019 02:11:06 GMT] GET /note?user=tester&collection=5deb07c1769f9c0caaaaf900 304 8.658
[Sat, 07 Dec 2019 02:11:15 GMT] GET /note?user=tester&collection=5deb07c1769f9c0caaaaf900 304 2.068
[Sat, 07 Dec 2019 02:11:25 GMT] POST /note 200 2.119
[Sat, 07 Dec 2019 02:12:07 GMT] GET /noter 404 0.205
[Sat, 07 Dec 2019 02:12:11 GMT] GET /note 200 3.558
[Sat, 07 Dec 2019 02:12:24 GMT] GET /note?collection=5deb07c1769f9c0caaaaf900 200 2.711
[Sat, 07 Dec 2019 02:12:32 GMT] GET /note?collectionNote=5deb07c1769f9c0caaaaf900 200 3.357
[Sat, 07 Dec 2019 02:12:46 GMT] GET /note?user=tester&collection=5deb07c1769f9c0caaaaf900 304 2.509
[Sat, 07 Dec 2019 02:12:48 GMT] POST /note 200 2.240
[Sat, 07 Dec 2019 02:12:50 GMT] GET /note?user=tester&collection=5deb07c1769f9c0caaaaf900 304 7.567
[Sat, 07 Dec 2019 02:12:57 GMT] GET /note?user=tester&collectionNote=5deb07c1769f9c0caaaaf900 200 3.444
[Sat, 07 Dec 2019 02:12:58 GMT] GET /note?user=tester&collectionNote=5deb07c1769f9c0caaaaf900 304 5.204
[Sat, 07 Dec 2019 02:13:02 GMT] GET /note?collectionNote=5deb07c1769f9c0caaaaf900 200 2.689
[Sat, 07 Dec 2019 02:13:40 GMT] GET /note?collectionNote=5deb07c1769f9c0caaaaf900 304 2.951
[Sat, 07 Dec 2019 02:13:47 GMT] POST /note 200 2.799
[Sat, 07 Dec 2019 02:14:03 GMT] DELETE /note/undefined 412 1.724
[Sat, 07 Dec 2019 02:15:40 GMT] GET /note?collectionNote=5deb07c1769f9c0caaaaf900 200 4.530
[Sat, 07 Dec 2019 02:15:50 GMT] PUT /note/5deb0aa0769f9c0caaaaf904 200 7.765
[Sat, 07 Dec 2019 02:15:52 GMT] PUT /note/5deb0aa0769f9c0caaaaf904 200 2.570
[Sat, 07 Dec 2019 02:15:53 GMT] PUT /note/5deb0aa0769f9c0caaaaf904 200 2.403
[Sat, 07 Dec 2019 02:15:55 GMT] PUT /note/5deb0aa0769f9c0caaaaf904 200 2.795
[Sat, 07 Dec 2019 02:15:56 GMT] PUT /note/5deb0aa0769f9c0caaaaf904 200 4.175
[Sat, 07 Dec 2019 02:16:00 GMT] PUT /note/5deb0aa0769f9c0caaaaf904 200 2.369
[Sat, 07 Dec 2019 02:16:02 GMT] GET /note?collectionNote=5deb07c1769f9c0caaaaf900 200 2.848
[Sat, 07 Dec 2019 02:16:14 GMT] PUT /note/5deb0aa0769f9c0caaaaf904 200 2.613
[Sat, 07 Dec 2019 02:16:35 GMT] GET /note?collectionNote=5deb07c1769f9c0caaaaf900 304 5.763
[Sat, 07 Dec 2019 02:16:38 GMT] PUT /note/5deb0aa0769f9c0caaaaf904 200 2.934
[Sat, 07 Dec 2019 02:16:46 GMT] GET /note?collectionNote=5deb07c1769f9c0caaaaf900 304 10.278
[Sat, 07 Dec 2019 02:17:04 GMT] PUT /note/5deb0aa0769f9c0caaaaf904 200 2.745
[Sat, 07 Dec 2019 02:18:23 GMT] DELETE /note/5deb0aa0769f9c0caaaaf904 200 4.023
[Sat, 07 Dec 2019 02:18:25 GMT] GET /note?collectionNote=5deb07c1769f9c0caaaaf900 200 2.614
[Sat, 07 Dec 2019 02:18:29 GMT] POST /note 200 2.596
[Sat, 07 Dec 2019 02:18:31 GMT] POST /note 200 2.555
[Sat, 07 Dec 2019 02:18:34 GMT] POST /note 200 2.534
[Sat, 07 Dec 2019 02:18:36 GMT] PUT /note/5deb0bfa769f9c0caaaaf908 200 4.180
[Sat, 07 Dec 2019 02:18:55 GMT] GET /note?collectionNote=5deb07c1769f9c0caaaaf900 200 4.203
[Sat, 07 Dec 2019 02:18:59 GMT] PUT /note/5deb0bfa769f9c0caaaaf908 200 2.783
[Sat, 07 Dec 2019 02:19:33 GMT] PUT /note/5deb0bfa769f9c0caaaaf908 200 2.480
[Sat, 07 Dec 2019 02:20:14 GMT] GET /note?collectionNote=5deb07c1769f9c0caaaaf900 304 3.715
[Sat, 07 Dec 2019 02:20:16 GMT] PUT /note/5deb0bfa769f9c0caaaaf908 200 5.205
[Sat, 07 Dec 2019 02:20:21 GMT] GET /note?collectionNote=5deb07c1769f9c0caaaaf900 304 16.276
[Sat, 07 Dec 2019 02:20:24 GMT] PUT /note/5deb0bfa769f9c0caaaaf908 200 2.444
[Sat, 07 Dec 2019 02:21:46 GMT] GET /note?collectionNote=5deb07c1769f9c0caaaaf900 304 2.889
[Sat, 07 Dec 2019 02:21:49 GMT] PUT /note/5deb0bfa769f9c0caaaaf908 200 4.157
[Sat, 07 Dec 2019 02:21:53 GMT] PUT /note/5deb0bfa769f9c0caaaaf908 200 2.469
[Sat, 07 Dec 2019 02:21:56 GMT] PUT /note/5deb0bfa769f9c0caaaaf908 200 2.701
[Sat, 07 Dec 2019 02:22:00 GMT] GET /note?collectionNote=5deb07c1769f9c0caaaaf900 200 9.938
[Sat, 07 Dec 2019 02:22:36 GMT] PUT /note/5deb0bfa769f9c0caaaaf908 200 28.591
[Sat, 07 Dec 2019 02:23:16 GMT] PUT /note/5deb0bfa769f9c0caaaaf908 200 30.151
[Sat, 07 Dec 2019 02:24:24 GMT] PUT /note/5deb0bfa769f9c0caaaaf908 200 30.146
[Sat, 07 Dec 2019 02:24:28 GMT] PUT /note/5deb0bfa769f9c0caaaaf908 200 6.331
[Sat, 07 Dec 2019 02:24:29 GMT] PUT /note/5deb0bfa769f9c0caaaaf908 200 4.638
[Sat, 07 Dec 2019 02:24:30 GMT] PUT /note/5deb0bfa769f9c0caaaaf908 200 4.162
[Sat, 07 Dec 2019 02:24:32 GMT] DELETE /note/5deb0bf7769f9c0caaaaf907 200 4.690
[Sat, 07 Dec 2019 02:24:38 GMT] POST /note 200 4.241
[Sat, 07 Dec 2019 02:24:56 GMT] GET /note?collectionNote=5deb07c1769f9c0caaaaf900 200 5.056
[Sat, 07 Dec 2019 02:31:52 GMT] GET /note?collectionNote=5deb07c1769f9c0caaaaf900 304 15.298
[Sat, 07 Dec 2019 02:32:14 GMT] POST /note 200 2.606
[Sat, 07 Dec 2019 02:32:38 GMT] GET /note?collectionNote=5deb07c1769f9c0caaaaf900 200 3.085
[Sat, 07 Dec 2019 02:32:51 GMT] GET /note?collectionNote=5deb07c1769f9c0caaaaf900 304 2.945
[Sat, 07 Dec 2019 02:36:41 GMT] GET /note?collectionNote=5deb07c1769f9c0caaaaf900 304 3.012
[Sat, 07 Dec 2019 02:38:24 GMT] GET /note?collectionNote=5deb07c1769f9c0caaaaf900 304 5.619
[Sat, 07 Dec 2019 02:40:57 GMT] GET /note?collectionNote=5deb07c1769f9c0caaaaf900 304 17.074
[Sat, 07 Dec 2019 02:41:04 GMT] PUT /note/5deb0bf5769f9c0caaaaf906 200 5.721
[Sat, 07 Dec 2019 02:41:10 GMT] PUT /note/5deb0d66786e0f0dfc3ece04 200 3.848
[Sat, 07 Dec 2019 02:41:23 GMT] PUT /note/5deb0d66786e0f0dfc3ece04 200 3.801
[Sat, 07 Dec 2019 02:41:23 GMT] PUT /note/5deb0bf5769f9c0caaaaf906 200 3.774
[Sat, 07 Dec 2019 02:41:34 GMT] GET /note?collectionNote=5deb07c1769f9c0caaaaf900 200 5.710
[Sat, 07 Dec 2019 02:41:37 GMT] PUT /note/5deb0bf5769f9c0caaaaf906 200 4.700
[Sat, 07 Dec 2019 02:41:49 GMT] GET /note?collectionNote=5deb07c1769f9c0caaaaf900 200 3.807
[Sat, 07 Dec 2019 02:41:52 GMT] PUT /note/5deb0bf5769f9c0caaaaf906 200 4.949
[Sat, 07 Dec 2019 02:41:53 GMT] PUT /note/5deb0adb769f9c0caaaaf905 200 4.750
[Sat, 07 Dec 2019 02:44:15 GMT] GET /collection 200 22.022
[Sat, 07 Dec 2019 02:44:20 GMT] GET /note 200 6.755
[Sat, 07 Dec 2019 02:44:28 GMT] GET /note?collectionNote=5deb07c1769f9c0caaaaf900 200 17.700
[Sat, 07 Dec 2019 02:44:29 GMT] GET /collection?user=tester 304 11.943
[Sat, 07 Dec 2019 02:44:29 GMT] DELETE /collection/5deb07c1769f9c0caaaaf900 200 19.793
[Sat, 07 Dec 2019 02:44:31 GMT] GET /collection?user=tester 200 2.069
[Sat, 07 Dec 2019 02:44:34 GMT] GET /note 304 2.960
[Sat, 07 Dec 2019 02:44:35 GMT] GET /note 304 3.842
[Sat, 07 Dec 2019 02:44:35 GMT] GET /note 304 3.127
[Sat, 07 Dec 2019 02:44:37 GMT] GET /note 304 4.560
[Sat, 07 Dec 2019 02:45:06 GMT] GET /note 304 2.921
[Sat, 07 Dec 2019 02:47:34 GMT] POST /collection 200 20.429
[Sat, 07 Dec 2019 02:47:34 GMT] GET /note?collectionNote=5deb12c634b06d0fc6da6b51 200 20.343
[Sat, 07 Dec 2019 02:47:36 GMT] POST /note 200 3.147
[Sat, 07 Dec 2019 02:47:37 GMT] GET /collection?user=tester 304 11.897
[Sat, 07 Dec 2019 02:47:37 GMT] DELETE /collection/5deb12c634b06d0fc6da6b51 200 18.912
[Sat, 07 Dec 2019 02:47:43 GMT] GET /note 200 4.249
[Sat, 07 Dec 2019 02:47:55 GMT] POST /collection 200 3.483
[Sat, 07 Dec 2019 02:47:56 GMT] GET /note?collectionNote=5deb12db34b06d0fc6da6b53 200 2.729
[Sat, 07 Dec 2019 02:48:03 GMT] POST /note 200 3.315
[Sat, 07 Dec 2019 02:48:05 GMT] GET /note 200 3.376
[Sat, 07 Dec 2019 02:48:08 GMT] GET /collection?user=tester 200 3.341
[Sat, 07 Dec 2019 02:48:08 GMT] DELETE /collection/5deb12db34b06d0fc6da6b53 200 7.201
[Sat, 07 Dec 2019 02:48:10 GMT] GET /note 200 3.386
[Sat, 07 Dec 2019 03:25:48 GMT] GET /collection 401 1.613
[Sat, 07 Dec 2019 03:28:12 GMT] GET /collection 401 3.921
[Sat, 07 Dec 2019 03:28:53 GMT] GET /collection 401 4.255
[Sat, 07 Dec 2019 03:32:10 GMT] GET /collection 200 21.699
[Sat, 07 Dec 2019 03:32:18 GMT] POST /collection 200 15.650
[Sat, 07 Dec 2019 03:32:20 GMT] GET /collection 200 5.500
[Sat, 07 Dec 2019 03:32:44 GMT] GET /collection 304 22.579
[Sat, 07 Dec 2019 03:33:48 GMT] POST /collection 200 21.298
[Sat, 07 Dec 2019 03:33:50 GMT] GET /note?collectionNote=5deb1d9c3fcd9e19e2a73081 200 10.378
[Sat, 07 Dec 2019 03:33:55 GMT] GET /collection 200 4.975
[Sat, 07 Dec 2019 03:33:56 GMT] GET /note?collectionNote=5deb1d9c3fcd9e19e2a73081 304 3.517
[Sat, 07 Dec 2019 03:34:35 GMT] GET /collection 304 7.670
[Sat, 07 Dec 2019 03:34:35 GMT] GET /note?collectionNote=5deb1d9c3fcd9e19e2a73081 304 18.719
[Sat, 07 Dec 2019 03:34:41 GMT] GET /note?collectionNote=5deb1d9c3fcd9e19e2a73081 304 2.672
[Sat, 07 Dec 2019 03:36:23 GMT] GET /collection 304 6.247
[Sat, 07 Dec 2019 03:36:23 GMT] GET /note?collectionNote=5deb1d9c3fcd9e19e2a73081 304 3.292
[Sat, 07 Dec 2019 03:37:01 GMT] GET /collection 304 2.724
[Sat, 07 Dec 2019 03:37:01 GMT] GET /note?collectionNote=5deb1d9c3fcd9e19e2a73081 304 2.166
[Sat, 07 Dec 2019 03:37:23 GMT] GET /note?collectionNote=5deb1d9c3fcd9e19e2a73081 304 2.343
[Sat, 07 Dec 2019 03:37:49 GMT] GET /collection 304 2.454
[Sat, 07 Dec 2019 03:38:03 GMT] GET /note?collectionNote=5deb1d9c3fcd9e19e2a73081 304 3.488
[Sat, 07 Dec 2019 03:38:30 GMT] GET /collection 304 2.489
[Sat, 07 Dec 2019 03:38:30 GMT] GET /note?collectionNote=5deb1d9c3fcd9e19e2a73081 304 3.569
[Sat, 07 Dec 2019 03:38:45 GMT] GET /collection 304 5.899
[Sat, 07 Dec 2019 03:39:15 GMT] GET /collection 304 6.941
[Sat, 07 Dec 2019 03:39:17 GMT] GET /note?collectionNote=5deb1d9c3fcd9e19e2a73081 304 2.262
[Sat, 07 Dec 2019 03:39:20 GMT] GET /collection 304 3.511
[Sat, 07 Dec 2019 03:39:21 GMT] GET /note?collectionNote=5deb1d9c3fcd9e19e2a73081 304 2.112
[Sat, 07 Dec 2019 03:39:25 GMT] POST /note 200 3.690
[Sat, 07 Dec 2019 03:39:28 GMT] POST /note 200 2.717
[Sat, 07 Dec 2019 03:39:30 GMT] GET /note?collectionNote=5deb1d9c3fcd9e19e2a73081 304 2.186
[Sat, 07 Dec 2019 03:39:36 GMT] GET /collection 304 6.202
[Sat, 07 Dec 2019 03:39:37 GMT] GET /note?collectionNote=5deb1d9c3fcd9e19e2a73081 304 2.839
[Sat, 07 Dec 2019 03:39:45 GMT] GET /collection 304 5.485
[Sat, 07 Dec 2019 03:39:48 GMT] POST /collection 200 2.589
[Sat, 07 Dec 2019 03:39:48 GMT] GET /note?collectionNote=5deb1f043fcd9e19e2a73084 200 2.528
[Sat, 07 Dec 2019 03:39:50 GMT] GET /collection 200 3.067
[Sat, 07 Dec 2019 03:39:50 GMT] GET /note?collectionNote=5deb1d9c3fcd9e19e2a73081 304 2.893
[Sat, 07 Dec 2019 03:39:56 GMT] POST /note 200 2.321
[Sat, 07 Dec 2019 03:40:33 GMT] GET /note 401 0.123
[Sat, 07 Dec 2019 03:43:09 GMT] GET /collection 304 21.759
[Sat, 07 Dec 2019 03:43:11 GMT] GET /collection 304 8.309
[Sat, 07 Dec 2019 03:43:15 GMT] GET /note?collectionNote=5deb1d9c3fcd9e19e2a73081 200 6.601
[Sat, 07 Dec 2019 03:43:46 GMT] GET /note?collectionNote=5deb1d9c3fcd9e19e2a73081 304 4.778
[Sat, 07 Dec 2019 03:43:59 GMT] GET /note?collectionNote=5deb1d9c3fcd9e19e2a73081 304 4.887
[Sat, 07 Dec 2019 03:44:01 GMT] DELETE /note/5deb1f0c3fcd9e19e2a73085 200 7.669
[Sat, 07 Dec 2019 03:44:03 GMT] GET /note?collectionNote=5deb1d9c3fcd9e19e2a73081 200 10.087
[Sat, 07 Dec 2019 03:44:05 GMT] GET /collection 304 3.698
[Sat, 07 Dec 2019 03:44:05 GMT] GET /note?collectionNote=5deb1f043fcd9e19e2a73084 304 1.916
[Sat, 07 Dec 2019 03:44:16 GMT] POST /note 200 8.579
[Sat, 07 Dec 2019 03:44:19 GMT] GET /note?collectionNote=5deb1f043fcd9e19e2a73084 200 3.269
[Sat, 07 Dec 2019 03:44:21 GMT] GET /collection 304 2.684
[Sat, 07 Dec 2019 03:44:22 GMT] GET /note?collectionNote=5deb1f043fcd9e19e2a73084 304 5.120
[Sat, 07 Dec 2019 03:44:25 GMT] GET /collection 304 3.211
[Sat, 07 Dec 2019 03:44:26 GMT] GET /note?collectionNote=5deb1d9c3fcd9e19e2a73081 304 3.401
[Sat, 07 Dec 2019 03:44:29 GMT] GET /collection 304 2.674
[Sat, 07 Dec 2019 03:44:30 GMT] GET /note?collectionNote=5deb1f043fcd9e19e2a73084 304 2.386
[Sat, 07 Dec 2019 03:44:35 GMT] DELETE /collection/5deb1f043fcd9e19e2a73084 200 14.933
[Sat, 07 Dec 2019 03:44:35 GMT] GET /collection 200 6.755
[Sat, 07 Dec 2019 03:44:36 GMT] GET /note?collectionNote=5deb1d9c3fcd9e19e2a73081 304 4.684
[Sat, 07 Dec 2019 03:44:37 GMT] DELETE /collection/5deb1d9c3fcd9e19e2a73081 200 9.020
[Sat, 07 Dec 2019 03:44:37 GMT] GET /collection 200 3.872
